
tmcheck -par "NRFICE04_impl_1.par" 

bitgen -w "NRFICE04_impl_1.udb" -f "NRFICE04_impl_1.t2b" 
Loading NRFICE04_impl_1.udb ...
Loading device for application GENERIC from file 'itpa08.nph' in environment: E:/lscc/radiant/2022.1/ispfpga.
Package Status:                     Preliminary    Version 1.5.
Performance Hardware Data Status:   Advanced       Version 1.0.



Design:  top
Family:  iCE40UP
Device:  iCE40UP5K
Package: SG48
Performance Grade:   High-Performance_1.2V
Successfully loading design udb and device data from disks and to up-layer in CPU time: 0 secs , REAL time: 0 secs 



BITGEN: Bitstream Generator Radiant Software (64-bit) 2022.1.0.52.3
Copyright (c) 1991-1994 by NeoCAD Inc. All rights reserved.
Copyright (c) 1995 AT&T Corp.   All rights reserved.
Copyright (c) 1995-2001 Lucent Technologies Inc.  All rights reserved.
Copyright (c) 2001 Agere Systems   All rights reserved.
Copyright (c) 2002-2022 Lattice Semiconductor Corporation,  All rights reserved.


Running DRC.
DRC detected 0 errors and 0 warnings.

Preference Summary:
+---------------------------------+---------------------------------+
|  Preference                     |  Current Setting                |
+---------------------------------+---------------------------------+
 *  Default setting.
 ** The specified setting matches the default setting.


Creating bit map...
Saving bit stream in "E:\verilog\NRFICE04\impl_1\NRFICE04_impl_1.bin".
    <postMsg mid="1009992" type="Info" dynamic="1" navigation="0" arg0="Bitstream authenticated."  />
Bitstream generation complete!

Total CPU Time: 0 secs 
Total REAL Time: 0 secs 
Peak Memory Usage: 114 MB


ibisgen "NRFICE04_impl_1.udb" "E:/lscc/radiant/2022.1/cae_library/ibis/iCE40UP.ibs"
IBIS Models Generator: Lattice Radiant Software (64-bit) 2022.1.0.52.3

Fri Mar  3 10:21:20 2023

Loading NRFICE04_impl_1.udb ...
Loading device for application GENERIC from file 'itpa08.nph' in environment: E:/lscc/radiant/2022.1/ispfpga.
Package Status:                     Preliminary    Version 1.5.
Performance Hardware Data Status:   Advanced       Version 1.0.



Design:  top
Family:  iCE40UP
Device:  iCE40UP5K
Package: SG48
Performance Grade:   High-Performance_1.2V
Successfully loading design udb and device data from disks and to up-layer in CPU time: 0 secs , REAL time: 0 secs 

Created design models.


Generating: E:\verilog\NRFICE04\impl_1\IBIS\NRFICE04_impl_1.ibs


    <postMsg mid="1191031" type="Info" dynamic="0" navigation="0"  />

backanno "NRFICE04_impl_1.udb"  -o "NRFICE04_impl_1_vo.vo"      -sp "High-Performance_1.2V"  -w -neg
backanno: version Radiant Software (64-bit) 2022.1.0.52.3
Copyright (c) 1991-1994 by NeoCAD Inc. All rights reserved.
Copyright (c) 1995 AT&T Corp.   All rights reserved.
Copyright (c) 1995-2001 Lucent Technologies Inc.  All rights reserved.
Copyright (c) 2001 Agere Systems   All rights reserved.
Copyright (c) 2002-2022 Lattice Semiconductor Corporation,  All rights reserved.

Loading device for application GENERIC from file 'itpa08.nph' in environment: E:/lscc/radiant/2022.1/ispfpga.
Package Status:                     Preliminary    Version 1.5.
Loading udb::Database ...
Design:  top
Family:  iCE40UP
Device:  iCE40UP5K
Package: SG48
Performance Grade:   High-Performance_1.2V
Performance Hardware Data Status:   Advanced       Version 1.0.



Writing a verilog netlist based on the NRFICE04_impl_1 design file.

Writing Verilog netlist to file NRFICE04_impl_1_vo.vo
Writing SDF timing to file NRFICE04_impl_1_vo.sdf
Backanno finished with 0 posted error messages.
Total CPU Time: 1 secs 
Total REAL Time: 0 secs 
Peak Memory Usage: 93 MB
